Arguments: 
  /usr/local/bin/node /usr/local/bin/yarn run watch

PATH: 
  /usr/local/bin:/usr/bin:/bin:/usr/sbin:/sbin

Yarn version: 
  1.5.1

Node version: 
  8.10.0

Platform: 
  darwin x64

npm manifest: 
  {
    "name": "222",
    "version": "1.0.0",
    "description": "",
    "main": "index.js",
    "scripts": {
      "start": "webpack --config webpack.config.js",
      "watch": "webpack --watch"
    },
    "keywords": [],
    "author": "",
    "license": "ISC",
    "devDependencies": {
      "css-loader": "^0.28.9",
      "extract-text-webpack-plugin": "^3.0.2",
      "file-loader": "^1.1.11",
      "node-sass": "^4.8.3",
      "sass-loader": "^6.0.7",
      "style-loader": "^0.20.3",
      "url-loader": "^1.0.1",
      "webpack": "^3.11.0"
    },
    "dependencies": {
      "css-loader": "^0.28.9",
      "sass-loader": "^6.0.6",
      "style-loader": "^0.20.1"
    }
  }

yarn manifest: 
  No manifest

Lockfile: 
  No lockfile

Trace: 
  Error: Command failed.
  Exit code: 127
  Command: sh
  Arguments: -c webpack --watch
  Directory: /Users/dmitry/art_project/project3
  Output:
  
      at ProcessTermError.MessageError (/usr/local/lib/node_modules/yarn/lib/cli.js:186:110)
      at new ProcessTermError (/usr/local/lib/node_modules/yarn/lib/cli.js:226:113)
      at ChildProcess.<anonymous> (/usr/local/lib/node_modules/yarn/lib/cli.js:30281:17)
      at emitTwo (events.js:126:13)
      at ChildProcess.emit (events.js:214:7)
      at maybeClose (internal/child_process.js:925:16)
      at Process.ChildProcess._handle.onexit (internal/child_process.js:209:5)
